nohup: ignoring input
[INFO] Scanning for projects...
Downloading from central: https://repo.maven.apache.org/maven2/org/apache/maven/plugins/maven-compiler-plugin/3.14.0/maven-compiler-plugin-3.14.0.pom
[WARNING] Failed to retrieve plugin descriptor for org.apache.maven.plugins:maven-compiler-plugin:3.14.0: Plugin org.apache.maven.plugins:maven-compiler-plugin:3.14.0 or one of its dependencies could not be resolved:
	The following artifacts could not be resolved: org.apache.maven.plugins:maven-compiler-plugin:pom:3.14.0 (absent): Could not transfer artifact org.apache.maven.plugins:maven-compiler-plugin:pom:3.14.0 from/to central (https://repo.maven.apache.org/maven2): status code: 403, reason phrase: Forbidden (403)

[INFO] 
[INFO] ------------------------< com.info:GamingList >-------------------------
[INFO] Building GamingList 0.0.1-SNAPSHOT
[INFO]   from pom.xml
[INFO] --------------------------------[ jar ]---------------------------------
[WARNING] Failed to retrieve plugin descriptor for org.apache.maven.plugins:maven-compiler-plugin:3.14.0: Plugin org.apache.maven.plugins:maven-compiler-plugin:3.14.0 or one of its dependencies could not be resolved:
	The following artifacts could not be resolved: org.apache.maven.plugins:maven-compiler-plugin:pom:3.14.0 (absent): org.apache.maven.plugins:maven-compiler-plugin:pom:3.14.0 failed to transfer from https://repo.maven.apache.org/maven2 during a previous attempt. This failure was cached in the local repository and resolution is not reattempted until the update interval of central has elapsed or updates are forced. Original error: Could not transfer artifact org.apache.maven.plugins:maven-compiler-plugin:pom:3.14.0 from/to central (https://repo.maven.apache.org/maven2): status code: 403, reason phrase: Forbidden (403)

Downloading from central: https://repo.maven.apache.org/maven2/org/jacoco/jacoco-maven-plugin/0.8.12/jacoco-maven-plugin-0.8.12.pom
[INFO] ------------------------------------------------------------------------
[INFO] BUILD FAILURE
[INFO] ------------------------------------------------------------------------
[INFO] Total time:  1.846 s
[INFO] Finished at: 2026-07-18T13:54:51-04:00
[INFO] ------------------------------------------------------------------------
[ERROR] Plugin org.jacoco:jacoco-maven-plugin:0.8.12 or one of its dependencies could not be resolved:
[ERROR] 	The following artifacts could not be resolved: org.jacoco:jacoco-maven-plugin:pom:0.8.12 (absent): Could not transfer artifact org.jacoco:jacoco-maven-plugin:pom:0.8.12 from/to central (https://repo.maven.apache.org/maven2): status code: 403, reason phrase: Forbidden (403)
[ERROR] -> [Help 1]
[ERROR] 
[ERROR] To see the full stack trace of the errors, re-run Maven with the -e switch.
[ERROR] Re-run Maven using the -X switch to enable full debug logging.
[ERROR] 
[ERROR] For more information about the errors and possible solutions, please read the following articles:
[ERROR] [Help 1] http://cwiki.apache.org/confluence/display/MAVEN/PluginResolutionException
